<?xml version="1.0" encoding="UTF-8"?>
<testng-results ignored="0" total="1" passed="1" failed="0" skipped="0">
  <reporter-output>
  </reporter-output>
  <suite started-at="2021-02-26T07:59:11Z" name="Global Input Module" finished-at="2021-02-26T07:59:59Z" duration-ms="47943">
    <groups>
    </groups>
    <test started-at="2021-02-26T07:59:11Z" name="PROJECT_Test1" finished-at="2021-02-26T07:59:59Z" duration-ms="47943">
      <class name="com.hcl.gim.testscripts.hcl_jewels.TYSS_GIM_HJ_0008">
        <test-method is-config="true" signature="createFiles()[pri:0, instance:com.hcl.gim.testscripts.hcl_jewels.TYSS_GIM_HJ_0008@18230356]" started-at="2021-02-26T07:59:11Z" name="createFiles" finished-at="2021-02-26T07:59:11Z" duration-ms="218" status="PASS">
          <reporter-output>
          </reporter-output>
        </test-method> <!-- createFiles -->
        <test-method is-config="true" signature="launchApp(java.lang.String)[pri:0, instance:com.hcl.gim.testscripts.hcl_jewels.TYSS_GIM_HJ_0008@18230356]" started-at="2021-02-26T07:59:11Z" name="launchApp" finished-at="2021-02-26T07:59:16Z" duration-ms="5379" status="PASS">
          <params>
            <param index="0">
              <value>
                <![CDATA[Chrome]]>
              </value>
            </param>
          </params>
          <reporter-output>
          </reporter-output>
        </test-method> <!-- launchApp -->
        <test-method is-config="true" signature="setExtentReport(java.lang.String, java.lang.reflect.Method)[pri:0, instance:com.hcl.gim.testscripts.hcl_jewels.TYSS_GIM_HJ_0008@18230356]" started-at="2021-02-26T07:59:18Z" name="setExtentReport" finished-at="2021-02-26T07:59:18Z" duration-ms="381" status="PASS">
          <params>
            <param index="0">
              <value>
                <![CDATA[Chrome]]>
              </value>
            </param>
            <param index="1">
              <value>
                <![CDATA[public synchronized void com.hcl.gim.testscripts.hcl_jewels.TYSS_GIM_HJ_0008.TC_TYSS_GIM_HJ_0008(java.lang.String,java.lang.String,java.lang.String,java.lang.String,java.lang.String,java.lang.String,java.lang.String,java.lang.String,java.lang.String) throws java.lang.InterruptedException]]>
              </value>
            </param>
          </params>
          <reporter-output>
          </reporter-output>
        </test-method> <!-- setExtentReport -->
        <test-method signature="TC_TYSS_GIM_HJ_0008(java.lang.String, java.lang.String, java.lang.String, java.lang.String, java.lang.String, java.lang.String, java.lang.String, java.lang.String, java.lang.String)[pri:0, instance:com.hcl.gim.testscripts.hcl_jewels.TYSS_GIM_HJ_0008@18230356]" started-at="2021-02-26T07:59:18Z" name="TC_TYSS_GIM_HJ_0008" description="Description: Verify that user is able to clear the data for &#039;HCL Jewles&#039; allowance claim after valid data and pdf extension is uploaded in copy &amp; paste option" data-provider="data1" finished-at="2021-02-26T07:59:58Z" duration-ms="39855" status="PASS">
          <params>
            <param index="0">
              <value>
                <![CDATA[8]]>
              </value>
            </param>
            <param index="1">
              <value>
                <![CDATA[40165690]]>
              </value>
            </param>
            <param index="2">
              <value>
                <![CDATA[28]]>
              </value>
            </param>
            <param index="3">
              <value>
                <![CDATA[7400]]>
              </value>
            </param>
            <param index="4">
              <value>
                <![CDATA[1408]]>
              </value>
            </param>
            <param index="5">
              <value>
                <![CDATA[4/1/2019]]>
              </value>
            </param>
            <param index="6">
              <value>
                <![CDATA[4/3/2019]]>
              </value>
            </param>
            <param index="7">
              <value>
                <![CDATA[Y]]>
              </value>
            </param>
            <param index="8">
              <value>
                <![CDATA[Test4]]>
              </value>
            </param>
          </params>
          <reporter-output>
          </reporter-output>
        </test-method> <!-- TC_TYSS_GIM_HJ_0008 -->
        <test-method is-config="true" signature="closeBrowser()[pri:0, instance:com.hcl.gim.testscripts.hcl_jewels.TYSS_GIM_HJ_0008@18230356]" started-at="2021-02-26T07:59:58Z" name="closeBrowser" finished-at="2021-02-26T07:59:59Z" duration-ms="894" status="PASS">
          <reporter-output>
          </reporter-output>
        </test-method> <!-- closeBrowser -->
        <test-method is-config="true" signature="killTask(java.lang.String)[pri:0, instance:com.hcl.gim.testscripts.hcl_jewels.TYSS_GIM_HJ_0008@18230356]" started-at="2021-02-26T07:59:59Z" name="killTask" finished-at="2021-02-26T07:59:59Z" duration-ms="31" status="PASS">
          <params>
            <param index="0">
              <value>
                <![CDATA[Chrome]]>
              </value>
            </param>
          </params>
          <reporter-output>
          </reporter-output>
        </test-method> <!-- killTask -->
      </class> <!-- com.hcl.gim.testscripts.hcl_jewels.TYSS_GIM_HJ_0008 -->
    </test> <!-- PROJECT_Test1 -->
  </suite> <!-- Global Input Module -->
</testng-results>
