<?xml version="1.0" encoding="UTF-8"?>
<!-- Generated by org.testng.reporters.JUnitXMLReporter -->
<testsuite ignored="170" hostname="HCLT-PC5929-1" failures="60" tests="86" name="PROJECT_Test1(failed)" time="8928.579" errors="0" timestamp="06 Feb 2021 05:44:13 GMT">
  <testcase classname="com.hcl.gim.testscripts.car_parking_deduction.TYSS_GIM_CPD_0010" name="TC_TYSS_GIM_CPD_0010" time="81.52">
    <failure type="java.lang.AssertionError" message="Unable to validate Data has been saved successfully Text">
      <![CDATA[java.lang.AssertionError: Unable to validate Data has been saved successfully Text
at com.hcl.gim.pages.InitiateClaim_Page.validateDataHasBeenSavedSuccessfully(InitiateClaim_Page.java:841)
at com.hcl.gim.pages.InitiateClaim_Page.clkYesButton(InitiateClaim_Page.java:631)
at com.hcl.gim.testscripts.car_parking_deduction.TYSS_GIM_CPD_0010.TC_TYSS_GIM_CPD_0010(TYSS_GIM_CPD_0010.java:79)
... Removed 26 stack frames]]>
    </failure>
  </testcase> <!-- TC_TYSS_GIM_CPD_0010 -->
  <testcase classname="com.hcl.gim.testscripts.hcl_jewels.TYSS_GIM_HJ_0010" name="TC_TYSS_GIM_HJ_0010" time="152.031"/>
  <testcase classname="com.hcl.gim.testscripts.ikhaya.TYSS_GIM_ISB_024" name="TC_TYSS_GIM_ISB_024" time="111.85">
    <failure type="java.lang.AssertionError" message="Unable to validate Claim requests has been successfully raised success message">
      <![CDATA[java.lang.AssertionError: Unable to validate Claim requests has been successfully raised success message
at com.hcl.gim.pages.ThroughTheForm_Page.validateClaimSuccessMessage(ThroughTheForm_Page.java:1042)
at com.hcl.gim.testscripts.ikhaya.TYSS_GIM_ISB_024.TC_TYSS_GIM_ISB_024(TYSS_GIM_ISB_024.java:62)
... Removed 26 stack frames]]>
    </failure>
  </testcase> <!-- TC_TYSS_GIM_ISB_024 -->
  <testcase classname="com.hcl.gim.testscripts.retention_bonus.TYSS_GIM_RB_0015" name="TC_TYSS_GIM_RB_0015" time="112.001"/>
  <testcase classname="com.hcl.gim.testscripts.retention_bonus.TYSS_GIM_RB_0014" name="TC_TYSS_GIM_RB_0014" time="91.151"/>
  <testcase classname="com.hcl.gim.testscripts.hcl_jewels.TYSS_GIM_HJ_0012" name="TC_TYSS_GIM_HJ_0012" time="88.594"/>
  <testcase classname="com.hcl.gim.testscripts.transport_allowance.TYSS_GIM_TA_0022" name="TC_TYSS_GIM_TA_0022" time="111.157">
    <failure type="java.lang.AssertionError" message="Unable to validate Claim requests has been successfully raised success message">
      <![CDATA[java.lang.AssertionError: Unable to validate Claim requests has been successfully raised success message
at com.hcl.gim.pages.ThroughTheForm_Page.validateClaimSuccessMessage(ThroughTheForm_Page.java:1042)
at com.hcl.gim.testscripts.transport_allowance.TYSS_GIM_TA_0022.TC_TYSS_GIM_TA_0022(TYSS_GIM_TA_0022.java:67)
... Removed 26 stack frames]]>
    </failure>
  </testcase> <!-- TC_TYSS_GIM_TA_0022 -->
  <testcase classname="com.hcl.gim.testscripts.car_parking_deduction.TYSS_GIM_CPD_0005" name="TC_TYSS_GIM_CPD_0005" time="79.264">
    <failure type="java.lang.AssertionError" message="Unable to validate Data has been saved successfully Text">
      <![CDATA[java.lang.AssertionError: Unable to validate Data has been saved successfully Text
at com.hcl.gim.pages.InitiateClaim_Page.validateDataHasBeenSavedSuccessfully(InitiateClaim_Page.java:841)
at com.hcl.gim.pages.InitiateClaim_Page.clkYesButton(InitiateClaim_Page.java:631)
at com.hcl.gim.testscripts.car_parking_deduction.TYSS_GIM_CPD_0005.TC_TYSS_GIM_CPD_0005(TYSS_GIM_CPD_0005.java:77)
... Removed 26 stack frames]]>
    </failure>
  </testcase> <!-- TC_TYSS_GIM_CPD_0005 -->
  <testcase classname="com.hcl.gim.testscripts.clientbonus_reward_incentive.TYSS_GIM_CBRI_0019" name="TC_TYSS_GIM_CBRI_0019" time="112.0">
    <failure type="java.lang.AssertionError" message="Unable to validate Claim requests has been successfully raised success message">
      <![CDATA[java.lang.AssertionError: Unable to validate Claim requests has been successfully raised success message
at com.hcl.gim.pages.ThroughTheForm_Page.validateClaimSuccessMessage(ThroughTheForm_Page.java:1042)
at com.hcl.gim.testscripts.clientbonus_reward_incentive.TYSS_GIM_CBRI_0019.TC_TYSS_GIM_CBRI_0019(TYSS_GIM_CBRI_0019.java:78)
... Removed 26 stack frames]]>
    </failure>
  </testcase> <!-- TC_TYSS_GIM_CBRI_0019 -->
  <testcase classname="com.hcl.gim.testscripts.patent_award.TYSS_GIM_PA_0019" name="TC_TYSS_GIM_PA_0019" time="110.647">
    <failure type="java.lang.AssertionError" message="Unable to validate Claim requests has been successfully raised success message">
      <![CDATA[java.lang.AssertionError: Unable to validate Claim requests has been successfully raised success message
at com.hcl.gim.pages.ThroughTheForm_Page.validateClaimSuccessMessage(ThroughTheForm_Page.java:1042)
at com.hcl.gim.testscripts.patent_award.TYSS_GIM_PA_0019.TC_TYSS_GIM_PA_0019(TYSS_GIM_PA_0019.java:75)
... Removed 26 stack frames]]>
    </failure>
  </testcase> <!-- TC_TYSS_GIM_PA_0019 -->
  <testcase classname="com.hcl.gim.testscripts.child_education.TYSS_GIM_CEA_0005" name="TC_TYSS_GIM_CEA_0005" time="126.16">
    <failure type="java.lang.AssertionError" message="Unable to go to the Home page">
      <![CDATA[java.lang.AssertionError: Unable to go to the Home page
at com.hcl.gim.pages.Home_Page.goToHome(Home_Page.java:247)
at com.hcl.gim.testscripts.child_education.TYSS_GIM_CEA_0005.TC_TYSS_GIM_CEA_0005(TYSS_GIM_CEA_0005.java:59)
... Removed 26 stack frames]]>
    </failure>
  </testcase> <!-- TC_TYSS_GIM_CEA_0005 -->
  <testcase classname="com.hcl.gim.testscripts.rsu.TYSS_GIM_RSU_0002" name="TC_TYSS_GIM_RSU_0002" time="107.25"/>
  <testcase classname="com.hcl.gim.testscripts.rsu.TYSS_GIM_RSU_0003" name="TC_TYSS_GIM_RSU_0003" time="47.382"/>
  <testcase classname="com.hcl.gim.testscripts.child_education.TYSS_GIM_CEA_0002" name="TC_TYSS_GIM__CEA_0002" time="518.652"/>
  <testcase classname="com.hcl.gim.testscripts.foundation_bonus.TYSS_GIM_FB_0017" name="TC_TYSS_GIM_FB_0017" time="111.168">
    <failure type="java.lang.AssertionError" message="Unable to validate Claim requests has been successfully raised success message">
      <![CDATA[java.lang.AssertionError: Unable to validate Claim requests has been successfully raised success message
at com.hcl.gim.pages.ThroughTheForm_Page.validateClaimSuccessMessage(ThroughTheForm_Page.java:1042)
at com.hcl.gim.testscripts.foundation_bonus.TYSS_GIM_FB_0017.TC_TYSS_GIM_FB_0017(TYSS_GIM_FB_0017.java:75)
... Removed 26 stack frames]]>
    </failure>
  </testcase> <!-- TC_TYSS_GIM_FB_0017 -->
  <testcase classname="com.hcl.gim.testscripts.hcl_jewels.TYSS_GIM_HJ_0018" name="TC_TYSS_GIM_HJ_0018" time="110.967">
    <failure type="java.lang.AssertionError" message="Unable to validate Claim requests has been successfully raised success message">
      <![CDATA[java.lang.AssertionError: Unable to validate Claim requests has been successfully raised success message
at com.hcl.gim.pages.ThroughTheForm_Page.validateClaimSuccessMessage(ThroughTheForm_Page.java:1042)
at com.hcl.gim.testscripts.hcl_jewels.TYSS_GIM_HJ_0018.TC_TYSS_GIM_HJ_0018(TYSS_GIM_HJ_0018.java:73)
... Removed 26 stack frames]]>
    </failure>
  </testcase> <!-- TC_TYSS_GIM_HJ_0018 -->
  <testcase classname="com.hcl.gim.testscripts.car_parking_deduction.TYSS_GIM_CPD_0002" name="TC_TYSS_GIM_CPD_0002" time="81.627">
    <failure type="java.lang.AssertionError" message="Unable to validate Data has been saved successfully Text">
      <![CDATA[java.lang.AssertionError: Unable to validate Data has been saved successfully Text
at com.hcl.gim.pages.InitiateClaim_Page.validateDataHasBeenSavedSuccessfully(InitiateClaim_Page.java:841)
at com.hcl.gim.pages.InitiateClaim_Page.clkYesButton(InitiateClaim_Page.java:631)
at com.hcl.gim.testscripts.car_parking_deduction.TYSS_GIM_CPD_0002.TC_TYSS_GIM_CPD_0002(TYSS_GIM_CPD_0002.java:79)
... Removed 26 stack frames]]>
    </failure>
  </testcase> <!-- TC_TYSS_GIM_CPD_0002 -->
  <testcase classname="com.hcl.gim.testscripts.ikhaya.TYSS_GIM_ISB_021" name="TC_TYSS_GIM_ISB_021" time="119.278">
    <failure type="java.lang.AssertionError" message="Unable to validate Claim requests has been successfully raised success message">
      <![CDATA[java.lang.AssertionError: Unable to validate Claim requests has been successfully raised success message
at com.hcl.gim.pages.ThroughTheForm_Page.validateClaimSuccessMessage(ThroughTheForm_Page.java:1042)
at com.hcl.gim.testscripts.ikhaya.TYSS_GIM_ISB_021.TC_TYSS_GIM_ISB_021(TYSS_GIM_ISB_021.java:62)
... Removed 26 stack frames]]>
    </failure>
  </testcase> <!-- TC_TYSS_GIM_ISB_021 -->
  <testcase classname="com.hcl.gim.testscripts.exgratia_others.TYSS_GIM_EXO_0022" name="TC_TYSS_GIM_EXO_0022" time="115.156">
    <failure type="java.lang.AssertionError" message="Unable to validate Claim requests has been successfully raised success message">
      <![CDATA[java.lang.AssertionError: Unable to validate Claim requests has been successfully raised success message
at com.hcl.gim.pages.ThroughTheForm_Page.validateClaimSuccessMessage(ThroughTheForm_Page.java:1042)
at com.hcl.gim.testscripts.exgratia_others.TYSS_GIM_EXO_0022.TC_TYSS_GIM_EXO_0022(TYSS_GIM_EXO_0022.java:86)
... Removed 26 stack frames]]>
    </failure>
  </testcase> <!-- TC_TYSS_GIM_EXO_0022 -->
  <testcase classname="com.hcl.gim.testscripts.exgratia_others.TYSS_GIM_EXO_0021" name="TC_TYSS_GIM_EXO_0021" time="114.38">
    <failure type="java.lang.AssertionError" message="Unable to validate Claim requests has been successfully raised success message">
      <![CDATA[java.lang.AssertionError: Unable to validate Claim requests has been successfully raised success message
at com.hcl.gim.pages.ThroughTheForm_Page.validateClaimSuccessMessage(ThroughTheForm_Page.java:1042)
at com.hcl.gim.testscripts.exgratia_others.TYSS_GIM_EXO_0021.TC_TYSS_GIM_EXO_0021(TYSS_GIM_EXO_0021.java:84)
... Removed 26 stack frames]]>
    </failure>
  </testcase> <!-- TC_TYSS_GIM_EXO_0021 -->
  <testcase classname="com.hcl.gim.testscripts.foundation_bonus.TYSS_GIM_FB_0019" name="TC_TYSS_GIM_FB_0019" time="115.341">
    <failure type="java.lang.AssertionError" message="Unable to validate Claim requests has been successfully raised success message">
      <![CDATA[java.lang.AssertionError: Unable to validate Claim requests has been successfully raised success message
at com.hcl.gim.pages.ThroughTheForm_Page.validateClaimSuccessMessage(ThroughTheForm_Page.java:1042)
at com.hcl.gim.testscripts.foundation_bonus.TYSS_GIM_FB_0019.TC_TYSS_GIM_FB_0019(TYSS_GIM_FB_0019.java:75)
... Removed 26 stack frames]]>
    </failure>
  </testcase> <!-- TC_TYSS_GIM_FB_0019 -->
  <testcase classname="com.hcl.gim.testscripts.hcl_jewels.TYSS_GIM_HJ_0011" name="TC_TYSS_GIM_HJ_0011" time="56.447"/>
  <testcase classname="com.hcl.gim.testscripts.retention_bonus.TYSS_GIM_RB_0012" name="TC_TYSS_GIM_RB_0012" time="32.943"/>
  <testcase classname="com.hcl.gim.testscripts.retention_bonus.TYSS_GIM_RB_0013" name="TC_TYSS_GIM_RB_0013" time="55.307"/>
  <testcase classname="com.hcl.gim.testscripts.clientbonus_reward_incentive.TYSS_GIM_CBRI_0016" name="TC_TYSS_GIM_CBRI_0016" time="115.739">
    <failure type="java.lang.AssertionError" message="Unable to validate Claim requests has been successfully raised success message">
      <![CDATA[java.lang.AssertionError: Unable to validate Claim requests has been successfully raised success message
at com.hcl.gim.pages.ThroughTheForm_Page.validateClaimSuccessMessage(ThroughTheForm_Page.java:1042)
at com.hcl.gim.testscripts.clientbonus_reward_incentive.TYSS_GIM_CBRI_0016.TC_TYSS_GIM_CBRI_0016(TYSS_GIM_CBRI_0016.java:77)
... Removed 26 stack frames]]>
    </failure>
  </testcase> <!-- TC_TYSS_GIM_CBRI_0016 -->
  <testcase classname="com.hcl.gim.testscripts.clientbonus_reward_incentive.TYSS_GIM_CBRI_0018" name="TC_TYSS_GIM_CBRI_0018" time="115.434">
    <failure type="java.lang.AssertionError" message="Unable to validate Claim requests has been successfully raised success message">
      <![CDATA[java.lang.AssertionError: Unable to validate Claim requests has been successfully raised success message
at com.hcl.gim.pages.ThroughTheForm_Page.validateClaimSuccessMessage(ThroughTheForm_Page.java:1042)
at com.hcl.gim.testscripts.clientbonus_reward_incentive.TYSS_GIM_CBRI_0018.TC_TYSS_GIM_CBRI_0018(TYSS_GIM_CBRI_0018.java:77)
... Removed 26 stack frames]]>
    </failure>
  </testcase> <!-- TC_TYSS_GIM_CBRI_0018 -->
  <testcase classname="com.hcl.gim.testscripts.exgratia_language_allowance.TYSS_GIM_ELA_0019" name="TC_TYSS_GIM_ELA_0019" time="115.683">
    <failure type="java.lang.AssertionError" message="Unable to validate Claim requests has been successfully raised success message">
      <![CDATA[java.lang.AssertionError: Unable to validate Claim requests has been successfully raised success message
at com.hcl.gim.pages.ThroughTheForm_Page.validateClaimSuccessMessage(ThroughTheForm_Page.java:1042)
at com.hcl.gim.testscripts.exgratia_language_allowance.TYSS_GIM_ELA_0019.TC_TYSS_GIM_ELA_0019(TYSS_GIM_ELA_0019.java:84)
... Removed 26 stack frames]]>
    </failure>
  </testcase> <!-- TC_TYSS_GIM_ELA_0019 -->
  <testcase classname="com.hcl.gim.testscripts.transport_allowance.TYSS_GIM_TA_0018" name="TC_TYSS_GIM_TA_0018" time="115.583">
    <failure type="java.lang.AssertionError" message="Unable to validate Claim requests has been successfully raised success message">
      <![CDATA[java.lang.AssertionError: Unable to validate Claim requests has been successfully raised success message
at com.hcl.gim.pages.ThroughTheForm_Page.validateClaimSuccessMessage(ThroughTheForm_Page.java:1042)
at com.hcl.gim.testscripts.transport_allowance.TYSS_GIM_TA_0018.TC_TYSS_GIM_TA_0018(TYSS_GIM_TA_0018.java:68)
... Removed 26 stack frames]]>
    </failure>
  </testcase> <!-- TC_TYSS_GIM_TA_0018 -->
  <testcase classname="com.hcl.gim.testscripts.exgratia_language_allowance.TYSS_GIM_ELA_0018" name="TC_TYSS_GIM_ELA_0018" time="114.817">
    <failure type="java.lang.AssertionError" message="Unable to validate Claim requests has been successfully raised success message">
      <![CDATA[java.lang.AssertionError: Unable to validate Claim requests has been successfully raised success message
at com.hcl.gim.pages.ThroughTheForm_Page.validateClaimSuccessMessage(ThroughTheForm_Page.java:1042)
at com.hcl.gim.testscripts.exgratia_language_allowance.TYSS_GIM_ELA_0018.TC_TYSS_GIM_ELA_0018(TYSS_GIM_ELA_0018.java:85)
... Removed 26 stack frames]]>
    </failure>
  </testcase> <!-- TC_TYSS_GIM_ELA_0018 -->
  <testcase classname="com.hcl.gim.testscripts.transport_allowance.TYSS_GIM_TA_0020" name="TC_TYSS_GIM_TA_0020" time="43.669"/>
  <testcase classname="com.hcl.gim.testscripts.hcl_jewels.TYSS_GIM_HJ_0019" name="TC_TYSS_GIM_HJ_0019" time="114.198">
    <failure type="java.lang.AssertionError" message="Unable to validate Claim requests has been successfully raised success message">
      <![CDATA[java.lang.AssertionError: Unable to validate Claim requests has been successfully raised success message
at com.hcl.gim.pages.ThroughTheForm_Page.validateClaimSuccessMessage(ThroughTheForm_Page.java:1042)
at com.hcl.gim.testscripts.hcl_jewels.TYSS_GIM_HJ_0019.TC_TYSS_GIM_HJ_0019(TYSS_GIM_HJ_0019.java:75)
... Removed 26 stack frames]]>
    </failure>
  </testcase> <!-- TC_TYSS_GIM_HJ_0019 -->
  <testcase classname="com.hcl.gim.testscripts.clientbonus_reward_incentive.TYSS_GIM_CBRI_0017" name="TC_TYSS_GIM_CBRI_0017" time="114.594">
    <failure type="java.lang.AssertionError" message="Unable to validate Claim requests has been successfully raised success message">
      <![CDATA[java.lang.AssertionError: Unable to validate Claim requests has been successfully raised success message
at com.hcl.gim.pages.ThroughTheForm_Page.validateClaimSuccessMessage(ThroughTheForm_Page.java:1042)
at com.hcl.gim.testscripts.clientbonus_reward_incentive.TYSS_GIM_CBRI_0017.TC_TYSS_GIM_CBRI_0017(TYSS_GIM_CBRI_0017.java:69)
... Removed 26 stack frames]]>
    </failure>
  </testcase> <!-- TC_TYSS_GIM_CBRI_0017 -->
  <testcase classname="com.hcl.gim.testscripts.foundation_bonus.TYSS_GIM_FB_0018" name="TC_TYSS_GIM_FB_0018" time="111.448">
    <failure type="java.lang.AssertionError" message="Unable to validate Claim requests has been successfully raised success message">
      <![CDATA[java.lang.AssertionError: Unable to validate Claim requests has been successfully raised success message
at com.hcl.gim.pages.ThroughTheForm_Page.validateClaimSuccessMessage(ThroughTheForm_Page.java:1042)
at com.hcl.gim.testscripts.foundation_bonus.TYSS_GIM_FB_0018.TC_TYSS_GIM_FB_0018(TYSS_GIM_FB_0018.java:73)
... Removed 26 stack frames]]>
    </failure>
  </testcase> <!-- TC_TYSS_GIM_FB_0018 -->
  <testcase classname="com.hcl.gim.testscripts.car_parking_deduction.TYSS_GIM_CPD_0009" name="TC_TYSS_GIM_CPD_0009" time="29.44"/>
  <testcase classname="com.hcl.gim.testscripts.rsu.TYSS_GIM_RSU_0021" name="TC_TYSS_GIM_RSU_0021" time="39.599"/>
  <testcase classname="com.hcl.gim.testscripts.hcl_jewels.TYSS_GIM_HJ_0016" name="TC_TYSS_GIM_HJ_0016" time="110.788">
    <failure type="java.lang.AssertionError" message="Unable to validate Claim requests has been successfully raised success message">
      <![CDATA[java.lang.AssertionError: Unable to validate Claim requests has been successfully raised success message
at com.hcl.gim.pages.ThroughTheForm_Page.validateClaimSuccessMessage(ThroughTheForm_Page.java:1042)
at com.hcl.gim.testscripts.hcl_jewels.TYSS_GIM_HJ_0016.TC_TYSS_GIM_HJ_0016(TYSS_GIM_HJ_0016.java:75)
... Removed 26 stack frames]]>
    </failure>
  </testcase> <!-- TC_TYSS_GIM_HJ_0016 -->
  <testcase classname="com.hcl.gim.testscripts.ikhaya.TYSS_GIM_ISB_023" name="TC_TYSS_GIM_ISB_023" time="112.3">
    <failure type="java.lang.AssertionError" message="Unable to validate Claim requests has been successfully raised success message">
      <![CDATA[java.lang.AssertionError: Unable to validate Claim requests has been successfully raised success message
at com.hcl.gim.pages.ThroughTheForm_Page.validateClaimSuccessMessage(ThroughTheForm_Page.java:1042)
at com.hcl.gim.testscripts.ikhaya.TYSS_GIM_ISB_023.TC_TYSS_GIM_ISB_023(TYSS_GIM_ISB_023.java:62)
... Removed 26 stack frames]]>
    </failure>
  </testcase> <!-- TC_TYSS_GIM_ISB_023 -->
  <testcase classname="com.hcl.gim.testscripts.retention_bonus.TYSS_GIM_RB_0019" name="TC_TYSS_GIM_RB_0019" time="111.506">
    <failure type="java.lang.AssertionError" message="Unable to validate Claim requests has been successfully raised success message">
      <![CDATA[java.lang.AssertionError: Unable to validate Claim requests has been successfully raised success message
at com.hcl.gim.pages.ThroughTheForm_Page.validateClaimSuccessMessage(ThroughTheForm_Page.java:1042)
at com.hcl.gim.testscripts.retention_bonus.TYSS_GIM_RB_0019.TC_TYSS_GIM_RB_0019(TYSS_GIM_RB_0019.java:60)
... Removed 26 stack frames]]>
    </failure>
  </testcase> <!-- TC_TYSS_GIM_RB_0019 -->
  <testcase classname="com.hcl.gim.testscripts.child_education.TYSS_GIM_CEA_0004" name="TC_TYSS_GIM_CEA_0004" time="0.0">
    <skipped/>
  </testcase> <!-- TC_TYSS_GIM_CEA_0004 -->
  <testcase classname="com.hcl.gim.testscripts.transport_allowance.TYSS_GIM_TA_0024" name="TC_TYSS_GIM_TA_0024" time="111.264">
    <failure type="java.lang.AssertionError" message="Unable to validate Claim requests has been successfully raised success message">
      <![CDATA[java.lang.AssertionError: Unable to validate Claim requests has been successfully raised success message
at com.hcl.gim.pages.ThroughTheForm_Page.validateClaimSuccessMessage(ThroughTheForm_Page.java:1042)
at com.hcl.gim.testscripts.transport_allowance.TYSS_GIM_TA_0024.TC_TYSS_GIM_TA_0024(TYSS_GIM_TA_0024.java:69)
... Removed 26 stack frames]]>
    </failure>
  </testcase> <!-- TC_TYSS_GIM_TA_0024 -->
  <testcase classname="com.hcl.gim.testscripts.retention_bonus.TYSS_GIM_RB_0016" name="TC_TYSS_GIM_RB_0016" time="6.752">
    <failure type="java.lang.AssertionError" message="Unable to click on Through the Form Radio Button">
      <![CDATA[java.lang.AssertionError: Unable to click on Through the Form Radio Button
at com.hcl.gim.pages.InitiateClaim_Page.clkClaimtypeRadioButton(InitiateClaim_Page.java:615)
at com.hcl.gim.testscripts.retention_bonus.TYSS_GIM_RB_0016.TC_TYSS_GIM_RB_0016(TYSS_GIM_RB_0016.java:46)
... Removed 26 stack frames]]>
    </failure>
  </testcase> <!-- TC_TYSS_GIM_RB_0016 -->
  <testcase classname="com.hcl.gim.testscripts.retention_bonus.TYSS_GIM_RB_0020" name="TC_TYSS_GIM_RB_0020" time="112.223">
    <failure type="java.lang.AssertionError" message="Unable to validate Claim requests has been successfully raised success message">
      <![CDATA[java.lang.AssertionError: Unable to validate Claim requests has been successfully raised success message
at com.hcl.gim.pages.ThroughTheForm_Page.validateClaimSuccessMessage(ThroughTheForm_Page.java:1042)
at com.hcl.gim.testscripts.retention_bonus.TYSS_GIM_RB_0020.TC_TYSS_GIM_RB_0020(TYSS_GIM_RB_0020.java:62)
... Removed 26 stack frames]]>
    </failure>
  </testcase> <!-- TC_TYSS_GIM_RB_0020 -->
  <testcase classname="com.hcl.gim.testscripts.exgratia_language_allowance.TYSS_GIM_ELA_0013" name="TC_TYSS_GIM_ELA_00013" time="79.656">
    <failure type="java.lang.AssertionError" message="Unable to validate Data has been saved successfully Text">
      <![CDATA[java.lang.AssertionError: Unable to validate Data has been saved successfully Text
at com.hcl.gim.pages.InitiateClaim_Page.validateDataHasBeenSavedSuccessfully(InitiateClaim_Page.java:841)
at com.hcl.gim.pages.InitiateClaim_Page.clkYesButton(InitiateClaim_Page.java:631)
at com.hcl.gim.testscripts.exgratia_language_allowance.TYSS_GIM_ELA_0013.TC_TYSS_GIM_ELA_00013(TYSS_GIM_ELA_0013.java:88)
... Removed 26 stack frames]]>
    </failure>
  </testcase> <!-- TC_TYSS_GIM_ELA_00013 -->
  <testcase classname="com.hcl.gim.testscripts.exgratia_others.TYSS_GIM_EXO_0015" name="TC_TYSS_GIM_EXO_0015" time="79.818">
    <failure type="java.lang.AssertionError" message="Unable to validate Data has been saved successfully Text">
      <![CDATA[java.lang.AssertionError: Unable to validate Data has been saved successfully Text
at com.hcl.gim.pages.InitiateClaim_Page.validateDataHasBeenSavedSuccessfully(InitiateClaim_Page.java:841)
at com.hcl.gim.pages.InitiateClaim_Page.clkYesButton(InitiateClaim_Page.java:631)
at com.hcl.gim.testscripts.exgratia_others.TYSS_GIM_EXO_0015.TC_TYSS_GIM_EXO_0015(TYSS_GIM_EXO_0015.java:87)
... Removed 26 stack frames]]>
    </failure>
  </testcase> <!-- TC_TYSS_GIM_EXO_0015 -->
  <testcase classname="com.hcl.gim.testscripts.rsu.TYSS_GIM_RSU_0006" name="TC_TYSS_GIM_RSU_0006" time="18.653"/>
  <testcase classname="com.hcl.gim.testscripts.exgratia_language_allowance.TYSS_GIM_ELA_0017" name="TC_TYSS_GIM_ELA_0017" time="111.352">
    <failure type="java.lang.AssertionError" message="Unable to validate Claim requests has been successfully raised success message">
      <![CDATA[java.lang.AssertionError: Unable to validate Claim requests has been successfully raised success message
at com.hcl.gim.pages.ThroughTheForm_Page.validateClaimSuccessMessage(ThroughTheForm_Page.java:1042)
at com.hcl.gim.testscripts.exgratia_language_allowance.TYSS_GIM_ELA_0017.TC_TYSS_GIM_ELA_0017(TYSS_GIM_ELA_0017.java:84)
... Removed 26 stack frames]]>
    </failure>
  </testcase> <!-- TC_TYSS_GIM_ELA_0017 -->
  <testcase classname="com.hcl.gim.testscripts.ikhaya.TYSS_GIM_ISB_022" name="TC_TYSS_GIM_ISB_022" time="113.487">
    <failure type="java.lang.AssertionError" message="Unable to validate Claim requests has been successfully raised success message">
      <![CDATA[java.lang.AssertionError: Unable to validate Claim requests has been successfully raised success message
at com.hcl.gim.pages.ThroughTheForm_Page.validateClaimSuccessMessage(ThroughTheForm_Page.java:1042)
at com.hcl.gim.testscripts.ikhaya.TYSS_GIM_ISB_022.TC_TYSS_GIM_ISB_022(TYSS_GIM_ISB_022.java:62)
... Removed 26 stack frames]]>
    </failure>
  </testcase> <!-- TC_TYSS_GIM_ISB_022 -->
  <testcase classname="com.hcl.gim.testscripts.rsu.TYSS_GIM_RSU_0008" name="TC_TYSS_GIM_RSU_0008" time="28.817"/>
  <testcase classname="com.hcl.gim.testscripts.child_education.TYSS_GIM_CEA_0009" name="TC_TYSS_GIM_CEA_0009" time="188.989">
    <failure type="java.lang.AssertionError" message="Unable to validate Home Page">
      <![CDATA[java.lang.AssertionError: Unable to validate Home Page
at com.hcl.gim.pages.Home_Page.validateHomePage(Home_Page.java:716)
at com.hcl.gim.testscripts.child_education.TYSS_GIM_CEA_0009.TC_TYSS_GIM_CEA_0009(TYSS_GIM_CEA_0009.java:124)
... Removed 26 stack frames]]>
    </failure>
  </testcase> <!-- TC_TYSS_GIM_CEA_0009 -->
  <testcase classname="com.hcl.gim.testscripts.child_education.TYSS_GIM_CEA_0007" name="TC_TYSS_GIM_CEA_0007" time="0.0">
    <skipped/>
  </testcase> <!-- TC_TYSS_GIM_CEA_0007 -->
  <testcase classname="com.hcl.gim.testscripts.foundation_bonus.TYSS_GIM_FB_0010" name="TC_TYSS_GIM_FB_0010" time="133.223"/>
  <testcase classname="com.hcl.gim.testscripts.rsu.TYSS_GIM_RSU_0016" name="TC_TYSS_GIM_RSU_0016" time="111.022">
    <failure type="java.lang.AssertionError" message="Unable to validate Claim requests has been successfully raised success message">
      <![CDATA[java.lang.AssertionError: Unable to validate Claim requests has been successfully raised success message
at com.hcl.gim.pages.ThroughTheForm_Page.validateClaimSuccessMessage(ThroughTheForm_Page.java:1042)
at com.hcl.gim.testscripts.rsu.TYSS_GIM_RSU_0016.TC_TYSS_GIM_RSU_0016(TYSS_GIM_RSU_0016.java:74)
... Removed 26 stack frames]]>
    </failure>
  </testcase> <!-- TC_TYSS_GIM_RSU_0016 -->
  <testcase classname="com.hcl.gim.testscripts.exgratia_language_allowance.TYSS_GIM_ELA_0016" name="TC_TYSS_GIM_ELA_0016" time="111.419">
    <failure type="java.lang.AssertionError" message="Unable to validate Claim requests has been successfully raised success message">
      <![CDATA[java.lang.AssertionError: Unable to validate Claim requests has been successfully raised success message
at com.hcl.gim.pages.ThroughTheForm_Page.validateClaimSuccessMessage(ThroughTheForm_Page.java:1042)
at com.hcl.gim.testscripts.exgratia_language_allowance.TYSS_GIM_ELA_0016.TC_TYSS_GIM_ELA_0016(TYSS_GIM_ELA_0016.java:89)
... Removed 26 stack frames]]>
    </failure>
  </testcase> <!-- TC_TYSS_GIM_ELA_0016 -->
  <testcase classname="com.hcl.gim.testscripts.exgratia_others.TYSS_GIM_EXO_0018" name="TC_TYSS_GIM_EXO_0018" time="114.945">
    <failure type="java.lang.AssertionError" message="Unable to validate Claim requests has been successfully raised success message">
      <![CDATA[java.lang.AssertionError: Unable to validate Claim requests has been successfully raised success message
at com.hcl.gim.pages.ThroughTheForm_Page.validateClaimSuccessMessage(ThroughTheForm_Page.java:1042)
at com.hcl.gim.testscripts.exgratia_others.TYSS_GIM_EXO_0018.TC_TYSS_GIM_EXO_0018(TYSS_GIM_EXO_0018.java:85)
... Removed 26 stack frames]]>
    </failure>
  </testcase> <!-- TC_TYSS_GIM_EXO_0018 -->
  <testcase classname="com.hcl.gim.testscripts.car_parking_deduction.TYSS_GIM_CPD_0006" name="TC_TYSS_GIM_CPD_0006" time="77.096">
    <failure type="java.lang.AssertionError" message="Unable to validate Data has been saved successfully Text">
      <![CDATA[java.lang.AssertionError: Unable to validate Data has been saved successfully Text
at com.hcl.gim.pages.InitiateClaim_Page.validateDataHasBeenSavedSuccessfully(InitiateClaim_Page.java:841)
at com.hcl.gim.pages.InitiateClaim_Page.clkYesButton(InitiateClaim_Page.java:631)
at com.hcl.gim.testscripts.car_parking_deduction.TYSS_GIM_CPD_0006.TC_TYSS_GIM_CPD_0006(TYSS_GIM_CPD_0006.java:81)
... Removed 26 stack frames]]>
    </failure>
  </testcase> <!-- TC_TYSS_GIM_CPD_0006 -->
  <testcase classname="com.hcl.gim.testscripts.retention_bonus.TYSS_GIM_RB_0010" name="TC_TYSS_GIM_RB_0010" time="113.116"/>
  <testcase classname="com.hcl.gim.testscripts.exgratia_others.TYSS_GIM_EXO_0019" name="TC_TYSS_GIM_EXO_0019" time="111.744">
    <failure type="java.lang.AssertionError" message="Unable to validate Claim requests has been successfully raised success message">
      <![CDATA[java.lang.AssertionError: Unable to validate Claim requests has been successfully raised success message
at com.hcl.gim.pages.ThroughTheForm_Page.validateClaimSuccessMessage(ThroughTheForm_Page.java:1042)
at com.hcl.gim.testscripts.exgratia_others.TYSS_GIM_EXO_0019.TC_TYSS_GIM_EXO_0019(TYSS_GIM_EXO_0019.java:81)
... Removed 26 stack frames]]>
    </failure>
  </testcase> <!-- TC_TYSS_GIM_EXO_0019 -->
  <testcase classname="com.hcl.gim.testscripts.rsu.TYSS_GIM_RSU_0004" name="TC_TYSS_GIM_RSU_0004" time="87.501"/>
  <testcase classname="com.hcl.gim.testscripts.retention_bonus.TYSS_GIM_RB_0021" name="TC_TYSS_GIM_RB_0021" time="111.315">
    <failure type="java.lang.AssertionError" message="Unable to validate Claim requests has been successfully raised success message">
      <![CDATA[java.lang.AssertionError: Unable to validate Claim requests has been successfully raised success message
at com.hcl.gim.pages.ThroughTheForm_Page.validateClaimSuccessMessage(ThroughTheForm_Page.java:1042)
at com.hcl.gim.testscripts.retention_bonus.TYSS_GIM_RB_0021.TC_TYSS_GIM_RB_0021(TYSS_GIM_RB_0021.java:62)
... Removed 26 stack frames]]>
    </failure>
  </testcase> <!-- TC_TYSS_GIM_RB_0021 -->
  <testcase classname="com.hcl.gim.testscripts.rsu.TYSS_GIM_RSU_0019" name="TC_TYSS_GIM_RSU_0019" time="120.926">
    <failure type="java.lang.AssertionError" message="Unable to validate Claim requests has been successfully raised success message">
      <![CDATA[java.lang.AssertionError: Unable to validate Claim requests has been successfully raised success message
at com.hcl.gim.pages.ThroughTheForm_Page.validateClaimSuccessMessage(ThroughTheForm_Page.java:1042)
at com.hcl.gim.testscripts.rsu.TYSS_GIM_RSU_0019.TC_TYSS_GIM_RSU_0019(TYSS_GIM_RSU_0019.java:74)
... Removed 26 stack frames]]>
    </failure>
  </testcase> <!-- TC_TYSS_GIM_RSU_0019 -->
  <testcase classname="com.hcl.gim.testscripts.transport_allowance.TYSS_GIM_TA_0011" name="TC_TYSS_GIM_TA_0011" time="166.224"/>
  <testcase classname="com.hcl.gim.testscripts.foundation_bonus.TYSS_GIM_FB_0012" name="TC_TYSS_GIM_FB_0012" time="105.911"/>
  <testcase classname="com.hcl.gim.testscripts.hcl_jewels.TYSS_GIM_HJ_0017" name="TC_TYSS_GIM_HJ_0017" time="114.555">
    <failure type="java.lang.AssertionError" message="Unable to validate Claim requests has been successfully raised success message">
      <![CDATA[java.lang.AssertionError: Unable to validate Claim requests has been successfully raised success message
at com.hcl.gim.pages.ThroughTheForm_Page.validateClaimSuccessMessage(ThroughTheForm_Page.java:1042)
at com.hcl.gim.testscripts.hcl_jewels.TYSS_GIM_HJ_0017.TC_TYSS_GIM_HJ_0017(TYSS_GIM_HJ_0017.java:73)
... Removed 26 stack frames]]>
    </failure>
  </testcase> <!-- TC_TYSS_GIM_HJ_0017 -->
  <testcase classname="com.hcl.gim.testscripts.patent_award.TYSS_GIM_PA_0018" name="TC_TYSS_GIM_PA_0018" time="114.225">
    <failure type="java.lang.AssertionError" message="Unable to validate Claim requests has been successfully raised success message">
      <![CDATA[java.lang.AssertionError: Unable to validate Claim requests has been successfully raised success message
at com.hcl.gim.pages.ThroughTheForm_Page.validateClaimSuccessMessage(ThroughTheForm_Page.java:1042)
at com.hcl.gim.testscripts.patent_award.TYSS_GIM_PA_0018.TC_TYSS_GIM_PA_0018(TYSS_GIM_PA_0018.java:75)
... Removed 26 stack frames]]>
    </failure>
  </testcase> <!-- TC_TYSS_GIM_PA_0018 -->
  <testcase classname="com.hcl.gim.testscripts.retention_bonus.TYSS_GIM_RB_0003" name="TC_TYSS_GIM_RB_0003" time="21.918"/>
  <testcase classname="com.hcl.gim.testscripts.foundation_bonus.TYSS_GIM_FB_0011" name="TC_TYSS_GIM_FB_0011" time="32.504"/>
  <testcase classname="com.hcl.gim.testscripts.rsu.TYSS_GIM_RSU_0018" name="TC_TYSS_GIM_RSU_0018" time="113.531">
    <failure type="java.lang.AssertionError" message="Unable to validate Claim requests has been successfully raised success message">
      <![CDATA[java.lang.AssertionError: Unable to validate Claim requests has been successfully raised success message
at com.hcl.gim.pages.ThroughTheForm_Page.validateClaimSuccessMessage(ThroughTheForm_Page.java:1042)
at com.hcl.gim.testscripts.rsu.TYSS_GIM_RSU_0018.TC_TYSS_GIM_RSU_0018(TYSS_GIM_RSU_0018.java:73)
... Removed 26 stack frames]]>
    </failure>
  </testcase> <!-- TC_TYSS_GIM_RSU_0018 -->
  <testcase classname="com.hcl.gim.testscripts.ikhaya.TYSS_GIM_ISB_018" name="TC_TYSS_GIM_ISB_018" time="114.798">
    <failure type="java.lang.AssertionError" message="Unable to validate Claim requests has been successfully raised success message">
      <![CDATA[java.lang.AssertionError: Unable to validate Claim requests has been successfully raised success message
at com.hcl.gim.pages.ThroughTheForm_Page.validateClaimSuccessMessage(ThroughTheForm_Page.java:1042)
at com.hcl.gim.testscripts.ikhaya.TYSS_GIM_ISB_018.TC_TYSS_GIM_ISB_018(TYSS_GIM_ISB_018.java:64)
... Removed 26 stack frames]]>
    </failure>
  </testcase> <!-- TC_TYSS_GIM_ISB_018 -->
  <testcase classname="com.hcl.gim.testscripts.child_education.TYSS_GIM_CEA_0008" name="TC_TYSS_GIM_CEA_0008" time="0.031">
    <failure type="org.testng.internal.reflect.MethodMatcherException" message="
Data provider mismatch
Method: TC_TYSS_GIM_CEA_0008([Parameter{index=0, type=java.lang.String, declaredAnnotations=[]}, Parameter{index=1, type=java.lang.String, declaredAnnotations=[]}, Parameter{index=2, type=java.lang.String, declaredAnnotations=[]}, Parameter{index=3, type=java.lang.String, declaredAnnotations=[]}, Parameter{index=4, type=java.lang.String, declaredAnnotations=[]}, Parameter{index=5, type=java.lang.String, declaredAnnotations=[]}, Parameter{index=6, type=java.lang.String, declaredAnnotations=[]}, Parameter{index=7, type=java.lang.String, declaredAnnotations=[]}, Parameter{index=8, type=java.lang.String, declaredAnnotations=[]}, Parameter{index=9, type=java.lang.String, declaredAnnotations=[]}])
Arguments: [(java.lang.String) 8,(java.lang.String) 40165690,(java.lang.String) Suresh,(java.lang.String) 2020 - 2021,(java.lang.String) 09-Aug-20,(java.lang.String) 17-Aug-20,(java.lang.String) 1st,(java.lang.String) 10,(java.lang.String) Horizon,(java.lang.String) Test,(java.lang.String) jpg]">
      <![CDATA[org.testng.internal.reflect.MethodMatcherException: 
Data provider mismatch
Method: TC_TYSS_GIM_CEA_0008([Parameter{index=0, type=java.lang.String, declaredAnnotations=[]}, Parameter{index=1, type=java.lang.String, declaredAnnotations=[]}, Parameter{index=2, type=java.lang.String, declaredAnnotations=[]}, Parameter{index=3, type=java.lang.String, declaredAnnotations=[]}, Parameter{index=4, type=java.lang.String, declaredAnnotations=[]}, Parameter{index=5, type=java.lang.String, declaredAnnotations=[]}, Parameter{index=6, type=java.lang.String, declaredAnnotations=[]}, Parameter{index=7, type=java.lang.String, declaredAnnotations=[]}, Parameter{index=8, type=java.lang.String, declaredAnnotations=[]}, Parameter{index=9, type=java.lang.String, declaredAnnotations=[]}])
Arguments: [(java.lang.String) 8,(java.lang.String) 40165690,(java.lang.String) Suresh,(java.lang.String) 2020 - 2021,(java.lang.String) 09-Aug-20,(java.lang.String) 17-Aug-20,(java.lang.String) 1st,(java.lang.String) 10,(java.lang.String) Horizon,(java.lang.String) Test,(java.lang.String) jpg]
... Removed 20 stack frames]]>
    </failure>
  </testcase> <!-- TC_TYSS_GIM_CEA_0008 -->
  <testcase classname="com.hcl.gim.testscripts.ikhaya.TYSS_GIM_ISB_009" name="TC_TYSS_GIM_ISB_009" time="80.57">
    <failure type="java.lang.AssertionError" message="Unable to validate Data has been saved successfully Text">
      <![CDATA[java.lang.AssertionError: Unable to validate Data has been saved successfully Text
at com.hcl.gim.pages.InitiateClaim_Page.validateDataHasBeenSavedSuccessfully(InitiateClaim_Page.java:841)
at com.hcl.gim.pages.InitiateClaim_Page.clkYesButton(InitiateClaim_Page.java:631)
at com.hcl.gim.testscripts.ikhaya.TYSS_GIM_ISB_009.TC_TYSS_GIM_ISB_009(TYSS_GIM_ISB_009.java:72)
... Removed 26 stack frames]]>
    </failure>
  </testcase> <!-- TC_TYSS_GIM_ISB_009 -->
  <testcase classname="com.hcl.gim.testscripts.exgratia_others.TYSS_GIM_EXO_0020" name="TC_TYSS_GIM_EXO_0020" time="117.841">
    <failure type="java.lang.AssertionError" message="Unable to validate Claim requests has been successfully raised success message">
      <![CDATA[java.lang.AssertionError: Unable to validate Claim requests has been successfully raised success message
at com.hcl.gim.pages.ThroughTheForm_Page.validateClaimSuccessMessage(ThroughTheForm_Page.java:1042)
at com.hcl.gim.testscripts.exgratia_others.TYSS_GIM_EXO_0020.TC_TYSS_GIM_EXO_0020(TYSS_GIM_EXO_0020.java:83)
... Removed 26 stack frames]]>
    </failure>
  </testcase> <!-- TC_TYSS_GIM_EXO_0020 -->
  <testcase classname="com.hcl.gim.testscripts.exgratia_others.TYSS_GIM_EXO_0005" name="TC_TYSS_GIM_EXO_0005" time="79.985">
    <failure type="java.lang.AssertionError" message="Unable to validate Data has been saved successfully Text">
      <![CDATA[java.lang.AssertionError: Unable to validate Data has been saved successfully Text
at com.hcl.gim.pages.InitiateClaim_Page.validateDataHasBeenSavedSuccessfully(InitiateClaim_Page.java:841)
at com.hcl.gim.pages.InitiateClaim_Page.clkYesButton(InitiateClaim_Page.java:631)
at com.hcl.gim.testscripts.exgratia_others.TYSS_GIM_EXO_0005.TC_TYSS_GIM_EXO_0005(TYSS_GIM_EXO_0005.java:95)
... Removed 26 stack frames]]>
    </failure>
  </testcase> <!-- TC_TYSS_GIM_EXO_0005 -->
  <testcase classname="com.hcl.gim.testscripts.exgratia_language_allowance.TYSS_GIM_ELA_0011" name="TC_TYSS_GIM_ELA_0011" time="55.151"/>
  <testcase classname="com.hcl.gim.testscripts.rsu.TYSS_GIM_RSU_0017" name="TC_TYSS_GIM_RSU_0017" time="113.401">
    <failure type="java.lang.AssertionError" message="Unable to validate Claim requests has been successfully raised success message">
      <![CDATA[java.lang.AssertionError: Unable to validate Claim requests has been successfully raised success message
at com.hcl.gim.pages.ThroughTheForm_Page.validateClaimSuccessMessage(ThroughTheForm_Page.java:1042)
at com.hcl.gim.testscripts.rsu.TYSS_GIM_RSU_0017.TC_TYSS_GIM_RSU_0017(TYSS_GIM_RSU_0017.java:71)
... Removed 26 stack frames]]>
    </failure>
  </testcase> <!-- TC_TYSS_GIM_RSU_0017 -->
  <testcase classname="com.hcl.gim.testscripts.ikhaya.TYSS_GIM_ISB_011" name="TC_TYSS_GIM_ISB_011" time="42.775">
    <failure type="java.lang.AssertionError" message="Unable to click on Excel Upload Document Link">
      <![CDATA[java.lang.AssertionError: Unable to click on Excel Upload Document Link
at com.hcl.gim.pages.InitiateClaim_Page.clkExcelUploadorDragandDropyourfileshereLink(InitiateClaim_Page.java:501)
at com.hcl.gim.testscripts.ikhaya.TYSS_GIM_ISB_011.TC_TYSS_GIM_ISB_011(TYSS_GIM_ISB_011.java:66)
... Removed 26 stack frames]]>
    </failure>
  </testcase> <!-- TC_TYSS_GIM_ISB_011 -->
  <testcase classname="com.hcl.gim.testscripts.patent_award.TYSS_GIM_PA_0016" name="TC_TYSS_GIM_PA_0016" time="126.623">
    <failure type="java.lang.AssertionError" message="Unable to validate Claim requests has been successfully raised success message">
      <![CDATA[java.lang.AssertionError: Unable to validate Claim requests has been successfully raised success message
at com.hcl.gim.pages.ThroughTheForm_Page.validateClaimSuccessMessage(ThroughTheForm_Page.java:1042)
at com.hcl.gim.testscripts.patent_award.TYSS_GIM_PA_0016.TC_TYSS_GIM_PA_0016(TYSS_GIM_PA_0016.java:72)
... Removed 26 stack frames]]>
    </failure>
  </testcase> <!-- TC_TYSS_GIM_PA_0016 -->
  <testcase classname="com.hcl.gim.testscripts.child_education.TYSS_GIM_CEA_0012" name="TC_TYSS_GIM_CEA_0012" time="55.939">
    <failure type="java.lang.AssertionError" message="Unable to add claim of One Time Registration type ">
      <![CDATA[java.lang.AssertionError: Unable to add claim of One Time Registration type 
at com.hcl.gim.pages.ChildEducationAllowance_Page.applyoneTimeRegistration(ChildEducationAllowance_Page.java:242)
at com.hcl.gim.testscripts.child_education.TYSS_GIM_CEA_0012.TC_TYSS_GIM_CEA_0012(TYSS_GIM_CEA_0012.java:56)
... Removed 26 stack frames]]>
    </failure>
  </testcase> <!-- TC_TYSS_GIM_CEA_0012 -->
  <testcase classname="com.hcl.gim.testscripts.rsu.TYSS_GIM_RSU_0005" name="TC_TYSS_GIM_RSU_0005" time="18.58">
    <failure type="java.lang.AssertionError" message="Unable to click on download form template link of claimtypeRSUPaymentRestrictedStock">
      <![CDATA[java.lang.AssertionError: Unable to click on download form template link of claimtypeRSUPaymentRestrictedStock
at com.hcl.gim.pages.InitiateClaim_Page.clkDownloadFormTemplateLink(InitiateClaim_Page.java:324)
at com.hcl.gim.testscripts.rsu.TYSS_GIM_RSU_0005.TC_TYSS_GIM_RSU_0005(TYSS_GIM_RSU_0005.java:63)
... Removed 26 stack frames]]>
    </failure>
  </testcase> <!-- TC_TYSS_GIM_RSU_0005 -->
  <testcase classname="com.hcl.gim.testscripts.child_education.TYSS_GIM_CEA_0001" name="TC_TYSS_GIM__CEA_0001" time="219.634"/>
  <testcase classname="com.hcl.gim.testscripts.child_education.TYSS_GIM_CEA_0006" name="TC_TYSS_GIM_CEA_0006" time="76.209">
    <failure type="java.lang.AssertionError" message="Unable to validate Home Page">
      <![CDATA[java.lang.AssertionError: Unable to validate Home Page
at com.hcl.gim.pages.Home_Page.validateHomePage(Home_Page.java:716)
at com.hcl.gim.testscripts.child_education.TYSS_GIM_CEA_0006.TC_TYSS_GIM_CEA_0006(TYSS_GIM_CEA_0006.java:79)
... Removed 26 stack frames]]>
    </failure>
  </testcase> <!-- TC_TYSS_GIM_CEA_0006 -->
  <testcase classname="com.hcl.gim.testscripts.foundation_bonus.TYSS_GIM_FB_0015" name="TC_TYSS_GIM_FB_0015" time="117.034">
    <failure type="java.lang.AssertionError" message="Unable to validate Claim requests has been successfully raised success message">
      <![CDATA[java.lang.AssertionError: Unable to validate Claim requests has been successfully raised success message
at com.hcl.gim.pages.ThroughTheForm_Page.validateClaimSuccessMessage(ThroughTheForm_Page.java:1042)
at com.hcl.gim.testscripts.foundation_bonus.TYSS_GIM_FB_0015.TC_TYSS_GIM_FB_0015(TYSS_GIM_FB_0015.java:75)
... Removed 26 stack frames]]>
    </failure>
  </testcase> <!-- TC_TYSS_GIM_FB_0015 -->
  <testcase classname="com.hcl.gim.testscripts.transport_allowance.TYSS_GIM_TA_0021" name="TC_TYSS_GIM_TA_0021" time="114.596">
    <failure type="java.lang.AssertionError" message="Unable to validate Claim requests has been successfully raised success message">
      <![CDATA[java.lang.AssertionError: Unable to validate Claim requests has been successfully raised success message
at com.hcl.gim.pages.ThroughTheForm_Page.validateClaimSuccessMessage(ThroughTheForm_Page.java:1042)
at com.hcl.gim.testscripts.transport_allowance.TYSS_GIM_TA_0021.TC_TYSS_GIM_TA_0021(TYSS_GIM_TA_0021.java:63)
... Removed 26 stack frames]]>
    </failure>
  </testcase> <!-- TC_TYSS_GIM_TA_0021 -->
  <testcase classname="com.hcl.gim.testscripts.patent_award.TYSS_GIM_PA_0017" name="TC_TYSS_GIM_PA_0017" time="118.615">
    <failure type="java.lang.AssertionError" message="Unable to validate Claim requests has been successfully raised success message">
      <![CDATA[java.lang.AssertionError: Unable to validate Claim requests has been successfully raised success message
at com.hcl.gim.pages.ThroughTheForm_Page.validateClaimSuccessMessage(ThroughTheForm_Page.java:1042)
at com.hcl.gim.testscripts.patent_award.TYSS_GIM_PA_0017.TC_TYSS_GIM_PA_0017(TYSS_GIM_PA_0017.java:71)
... Removed 26 stack frames]]>
    </failure>
  </testcase> <!-- TC_TYSS_GIM_PA_0017 -->
  <testcase classname="com.hcl.gim.testscripts.child_education.TYSS_GIM_CEA_0003" name="TC_TYSS_GIM_CEA_0003" time="89.69">
    <failure type="java.lang.AssertionError" message="Unable to click on Exception Yes button">
      <![CDATA[java.lang.AssertionError: Unable to click on Exception Yes button
at com.hcl.gim.pages.ChildEducationAllowance_Page.clkExceptionYesButtonForOneTime(ChildEducationAllowance_Page.java:791)
at com.hcl.gim.testscripts.child_education.TYSS_GIM_CEA_0003.TC_TYSS_GIM_CEA_0003(TYSS_GIM_CEA_0003.java:47)
... Removed 26 stack frames]]>
    </failure>
  </testcase> <!-- TC_TYSS_GIM_CEA_0003 -->
  <testcase classname="com.hcl.gim.testscripts.retention_bonus.TYSS_GIM_RB_0008" name="TC_TYSS_GIM_RB_0008" time="84.39">
    <failure type="java.lang.AssertionError" message="Unable to validate Data has been saved successfully Text">
      <![CDATA[java.lang.AssertionError: Unable to validate Data has been saved successfully Text
at com.hcl.gim.pages.InitiateClaim_Page.validateDataHasBeenSavedSuccessfully(InitiateClaim_Page.java:841)
at com.hcl.gim.pages.InitiateClaim_Page.clkYesButton(InitiateClaim_Page.java:631)
at com.hcl.gim.testscripts.retention_bonus.TYSS_GIM_RB_0008.TC_TYSS_GIM_RB_0008(TYSS_GIM_RB_0008.java:66)
... Removed 26 stack frames]]>
    </failure>
  </testcase> <!-- TC_TYSS_GIM_RB_0008 -->
  <testcase classname="com.hcl.gim.testscripts.transport_allowance.TYSS_GIM_TA_0023" name="TC_TYSS_GIM_TA_0023" time="75.663">
    <failure type="java.lang.AssertionError" message="Unable to close HCL pop up">
      <![CDATA[java.lang.AssertionError: Unable to close HCL pop up
at com.hcl.gim.pages.Home_Page.closeHCLBannerPopUp(Home_Page.java:212)
at com.hcl.gim.testscripts.transport_allowance.TYSS_GIM_TA_0023.TC_TYSS_GIM_TA_0023(TYSS_GIM_TA_0023.java:40)
... Removed 26 stack frames]]>
    </failure>
  </testcase> <!-- TC_TYSS_GIM_TA_0023 -->
  <testcase classname="com.hcl.gim.baseutil.BaseTest" name="@BeforeSuite createFiles" time="0.0">
    <ignored/>
  </testcase> <!-- @BeforeSuite createFiles -->
  <testcase classname="com.hcl.gim.baseutil.BaseTest" name="@BeforeSuite createFiles" time="0.0">
    <ignored/>
  </testcase> <!-- @BeforeSuite createFiles -->
  <testcase classname="com.hcl.gim.baseutil.BaseTest" name="@BeforeSuite createFiles" time="0.0">
    <ignored/>
  </testcase> <!-- @BeforeSuite createFiles -->
  <testcase classname="com.hcl.gim.baseutil.BaseTest" name="@BeforeSuite createFiles" time="0.0">
    <ignored/>
  </testcase> <!-- @BeforeSuite createFiles -->
  <testcase classname="com.hcl.gim.baseutil.BaseTest" name="@BeforeSuite createFiles" time="0.0">
    <ignored/>
  </testcase> <!-- @BeforeSuite createFiles -->
  <testcase classname="com.hcl.gim.baseutil.BaseTest" name="@BeforeSuite createFiles" time="0.0">
    <ignored/>
  </testcase> <!-- @BeforeSuite createFiles -->
  <testcase classname="com.hcl.gim.baseutil.BaseTest" name="@BeforeSuite createFiles" time="0.0">
    <ignored/>
  </testcase> <!-- @BeforeSuite createFiles -->
  <testcase classname="com.hcl.gim.baseutil.BaseTest" name="@BeforeSuite createFiles" time="0.0">
    <ignored/>
  </testcase> <!-- @BeforeSuite createFiles -->
  <testcase classname="com.hcl.gim.baseutil.BaseTest" name="@BeforeSuite createFiles" time="0.0">
    <ignored/>
  </testcase> <!-- @BeforeSuite createFiles -->
  <testcase classname="com.hcl.gim.baseutil.BaseTest" name="@BeforeSuite createFiles" time="0.0">
    <ignored/>
  </testcase> <!-- @BeforeSuite createFiles -->
  <testcase classname="com.hcl.gim.baseutil.BaseTest" name="@BeforeSuite createFiles" time="0.0">
    <ignored/>
  </testcase> <!-- @BeforeSuite createFiles -->
  <testcase classname="com.hcl.gim.baseutil.BaseTest" name="@BeforeSuite createFiles" time="0.0">
    <ignored/>
  </testcase> <!-- @BeforeSuite createFiles -->
  <testcase classname="com.hcl.gim.baseutil.BaseTest" name="@BeforeSuite createFiles" time="0.0">
    <ignored/>
  </testcase> <!-- @BeforeSuite createFiles -->
  <testcase classname="com.hcl.gim.baseutil.BaseTest" name="@BeforeSuite createFiles" time="0.0">
    <ignored/>
  </testcase> <!-- @BeforeSuite createFiles -->
  <testcase classname="com.hcl.gim.baseutil.BaseTest" name="@BeforeSuite createFiles" time="0.0">
    <ignored/>
  </testcase> <!-- @BeforeSuite createFiles -->
  <testcase classname="com.hcl.gim.baseutil.BaseTest" name="@BeforeSuite createFiles" time="0.0">
    <ignored/>
  </testcase> <!-- @BeforeSuite createFiles -->
  <testcase classname="com.hcl.gim.baseutil.BaseTest" name="@BeforeSuite createFiles" time="0.0">
    <ignored/>
  </testcase> <!-- @BeforeSuite createFiles -->
  <testcase classname="com.hcl.gim.baseutil.BaseTest" name="@BeforeSuite createFiles" time="0.0">
    <ignored/>
  </testcase> <!-- @BeforeSuite createFiles -->
  <testcase classname="com.hcl.gim.baseutil.BaseTest" name="@BeforeSuite createFiles" time="0.0">
    <ignored/>
  </testcase> <!-- @BeforeSuite createFiles -->
  <testcase classname="com.hcl.gim.baseutil.BaseTest" name="@BeforeSuite createFiles" time="0.0">
    <ignored/>
  </testcase> <!-- @BeforeSuite createFiles -->
  <testcase classname="com.hcl.gim.baseutil.BaseTest" name="@BeforeSuite createFiles" time="0.0">
    <ignored/>
  </testcase> <!-- @BeforeSuite createFiles -->
  <testcase classname="com.hcl.gim.baseutil.BaseTest" name="@BeforeSuite createFiles" time="0.0">
    <ignored/>
  </testcase> <!-- @BeforeSuite createFiles -->
  <testcase classname="com.hcl.gim.baseutil.BaseTest" name="@BeforeSuite createFiles" time="0.0">
    <ignored/>
  </testcase> <!-- @BeforeSuite createFiles -->
  <testcase classname="com.hcl.gim.baseutil.BaseTest" name="@BeforeSuite createFiles" time="0.0">
    <ignored/>
  </testcase> <!-- @BeforeSuite createFiles -->
  <testcase classname="com.hcl.gim.baseutil.BaseTest" name="@BeforeSuite createFiles" time="0.0">
    <ignored/>
  </testcase> <!-- @BeforeSuite createFiles -->
  <testcase classname="com.hcl.gim.baseutil.BaseTest" name="@BeforeSuite createFiles" time="0.0">
    <ignored/>
  </testcase> <!-- @BeforeSuite createFiles -->
  <testcase classname="com.hcl.gim.baseutil.BaseTest" name="@BeforeSuite createFiles" time="0.0">
    <ignored/>
  </testcase> <!-- @BeforeSuite createFiles -->
  <testcase classname="com.hcl.gim.baseutil.BaseTest" name="@BeforeSuite createFiles" time="0.0">
    <ignored/>
  </testcase> <!-- @BeforeSuite createFiles -->
  <testcase classname="com.hcl.gim.baseutil.BaseTest" name="@BeforeSuite createFiles" time="0.0">
    <ignored/>
  </testcase> <!-- @BeforeSuite createFiles -->
  <testcase classname="com.hcl.gim.baseutil.BaseTest" name="@BeforeSuite createFiles" time="0.0">
    <ignored/>
  </testcase> <!-- @BeforeSuite createFiles -->
  <testcase classname="com.hcl.gim.baseutil.BaseTest" name="@BeforeSuite createFiles" time="0.0">
    <ignored/>
  </testcase> <!-- @BeforeSuite createFiles -->
  <testcase classname="com.hcl.gim.baseutil.BaseTest" name="@BeforeSuite createFiles" time="0.0">
    <ignored/>
  </testcase> <!-- @BeforeSuite createFiles -->
  <testcase classname="com.hcl.gim.baseutil.BaseTest" name="@BeforeSuite createFiles" time="0.0">
    <ignored/>
  </testcase> <!-- @BeforeSuite createFiles -->
  <testcase classname="com.hcl.gim.baseutil.BaseTest" name="@BeforeSuite createFiles" time="0.0">
    <ignored/>
  </testcase> <!-- @BeforeSuite createFiles -->
  <testcase classname="com.hcl.gim.baseutil.BaseTest" name="@BeforeSuite createFiles" time="0.0">
    <ignored/>
  </testcase> <!-- @BeforeSuite createFiles -->
  <testcase classname="com.hcl.gim.baseutil.BaseTest" name="@BeforeSuite createFiles" time="0.0">
    <ignored/>
  </testcase> <!-- @BeforeSuite createFiles -->
  <testcase classname="com.hcl.gim.baseutil.BaseTest" name="@BeforeSuite createFiles" time="0.0">
    <ignored/>
  </testcase> <!-- @BeforeSuite createFiles -->
  <testcase classname="com.hcl.gim.baseutil.BaseTest" name="@BeforeSuite createFiles" time="0.0">
    <ignored/>
  </testcase> <!-- @BeforeSuite createFiles -->
  <testcase classname="com.hcl.gim.baseutil.BaseTest" name="@BeforeSuite createFiles" time="0.0">
    <ignored/>
  </testcase> <!-- @BeforeSuite createFiles -->
  <testcase classname="com.hcl.gim.baseutil.BaseTest" name="@BeforeSuite createFiles" time="0.0">
    <ignored/>
  </testcase> <!-- @BeforeSuite createFiles -->
  <testcase classname="com.hcl.gim.baseutil.BaseTest" name="@BeforeSuite createFiles" time="0.0">
    <ignored/>
  </testcase> <!-- @BeforeSuite createFiles -->
  <testcase classname="com.hcl.gim.baseutil.BaseTest" name="@BeforeSuite createFiles" time="0.0">
    <ignored/>
  </testcase> <!-- @BeforeSuite createFiles -->
  <testcase classname="com.hcl.gim.baseutil.BaseTest" name="@BeforeSuite createFiles" time="0.0">
    <ignored/>
  </testcase> <!-- @BeforeSuite createFiles -->
  <testcase classname="com.hcl.gim.baseutil.BaseTest" name="@BeforeSuite createFiles" time="0.0">
    <ignored/>
  </testcase> <!-- @BeforeSuite createFiles -->
  <testcase classname="com.hcl.gim.baseutil.BaseTest" name="@BeforeSuite createFiles" time="0.0">
    <ignored/>
  </testcase> <!-- @BeforeSuite createFiles -->
  <testcase classname="com.hcl.gim.baseutil.BaseTest" name="@BeforeSuite createFiles" time="0.0">
    <ignored/>
  </testcase> <!-- @BeforeSuite createFiles -->
  <testcase classname="com.hcl.gim.baseutil.BaseTest" name="@BeforeSuite createFiles" time="0.0">
    <ignored/>
  </testcase> <!-- @BeforeSuite createFiles -->
  <testcase classname="com.hcl.gim.baseutil.BaseTest" name="@BeforeSuite createFiles" time="0.0">
    <ignored/>
  </testcase> <!-- @BeforeSuite createFiles -->
  <testcase classname="com.hcl.gim.baseutil.BaseTest" name="@BeforeSuite createFiles" time="0.0">
    <ignored/>
  </testcase> <!-- @BeforeSuite createFiles -->
  <testcase classname="com.hcl.gim.baseutil.BaseTest" name="@BeforeSuite createFiles" time="0.0">
    <ignored/>
  </testcase> <!-- @BeforeSuite createFiles -->
  <testcase classname="com.hcl.gim.baseutil.BaseTest" name="@BeforeSuite createFiles" time="0.0">
    <ignored/>
  </testcase> <!-- @BeforeSuite createFiles -->
  <testcase classname="com.hcl.gim.baseutil.BaseTest" name="@BeforeSuite createFiles" time="0.0">
    <ignored/>
  </testcase> <!-- @BeforeSuite createFiles -->
  <testcase classname="com.hcl.gim.baseutil.BaseTest" name="@BeforeSuite createFiles" time="0.0">
    <ignored/>
  </testcase> <!-- @BeforeSuite createFiles -->
  <testcase classname="com.hcl.gim.baseutil.BaseTest" name="@BeforeSuite createFiles" time="0.0">
    <ignored/>
  </testcase> <!-- @BeforeSuite createFiles -->
  <testcase classname="com.hcl.gim.baseutil.BaseTest" name="@BeforeSuite createFiles" time="0.0">
    <ignored/>
  </testcase> <!-- @BeforeSuite createFiles -->
  <testcase classname="com.hcl.gim.baseutil.BaseTest" name="@BeforeSuite createFiles" time="0.0">
    <ignored/>
  </testcase> <!-- @BeforeSuite createFiles -->
  <testcase classname="com.hcl.gim.baseutil.BaseTest" name="@BeforeSuite createFiles" time="0.0">
    <ignored/>
  </testcase> <!-- @BeforeSuite createFiles -->
  <testcase classname="com.hcl.gim.baseutil.BaseTest" name="@BeforeSuite createFiles" time="0.0">
    <ignored/>
  </testcase> <!-- @BeforeSuite createFiles -->
  <testcase classname="com.hcl.gim.baseutil.BaseTest" name="@BeforeSuite createFiles" time="0.0">
    <ignored/>
  </testcase> <!-- @BeforeSuite createFiles -->
  <testcase classname="com.hcl.gim.baseutil.BaseTest" name="@BeforeSuite createFiles" time="0.0">
    <ignored/>
  </testcase> <!-- @BeforeSuite createFiles -->
  <testcase classname="com.hcl.gim.baseutil.BaseTest" name="@BeforeSuite createFiles" time="0.0">
    <ignored/>
  </testcase> <!-- @BeforeSuite createFiles -->
  <testcase classname="com.hcl.gim.baseutil.BaseTest" name="@BeforeSuite createFiles" time="0.0">
    <ignored/>
  </testcase> <!-- @BeforeSuite createFiles -->
  <testcase classname="com.hcl.gim.baseutil.BaseTest" name="@BeforeSuite createFiles" time="0.0">
    <ignored/>
  </testcase> <!-- @BeforeSuite createFiles -->
  <testcase classname="com.hcl.gim.baseutil.BaseTest" name="@BeforeSuite createFiles" time="0.0">
    <ignored/>
  </testcase> <!-- @BeforeSuite createFiles -->
  <testcase classname="com.hcl.gim.baseutil.BaseTest" name="@BeforeSuite createFiles" time="0.0">
    <ignored/>
  </testcase> <!-- @BeforeSuite createFiles -->
  <testcase classname="com.hcl.gim.baseutil.BaseTest" name="@BeforeSuite createFiles" time="0.0">
    <ignored/>
  </testcase> <!-- @BeforeSuite createFiles -->
  <testcase classname="com.hcl.gim.baseutil.BaseTest" name="@BeforeSuite createFiles" time="0.0">
    <ignored/>
  </testcase> <!-- @BeforeSuite createFiles -->
  <testcase classname="com.hcl.gim.baseutil.BaseTest" name="@BeforeSuite createFiles" time="0.0">
    <ignored/>
  </testcase> <!-- @BeforeSuite createFiles -->
  <testcase classname="com.hcl.gim.baseutil.BaseTest" name="@BeforeSuite createFiles" time="0.0">
    <ignored/>
  </testcase> <!-- @BeforeSuite createFiles -->
  <testcase classname="com.hcl.gim.baseutil.BaseTest" name="@BeforeSuite createFiles" time="0.0">
    <ignored/>
  </testcase> <!-- @BeforeSuite createFiles -->
  <testcase classname="com.hcl.gim.baseutil.BaseTest" name="@BeforeSuite createFiles" time="0.0">
    <ignored/>
  </testcase> <!-- @BeforeSuite createFiles -->
  <testcase classname="com.hcl.gim.baseutil.BaseTest" name="@BeforeSuite createFiles" time="0.0">
    <ignored/>
  </testcase> <!-- @BeforeSuite createFiles -->
  <testcase classname="com.hcl.gim.baseutil.BaseTest" name="@BeforeSuite createFiles" time="0.0">
    <ignored/>
  </testcase> <!-- @BeforeSuite createFiles -->
  <testcase classname="com.hcl.gim.baseutil.BaseTest" name="@BeforeSuite createFiles" time="0.0">
    <ignored/>
  </testcase> <!-- @BeforeSuite createFiles -->
  <testcase classname="com.hcl.gim.baseutil.BaseTest" name="@BeforeSuite createFiles" time="0.0">
    <ignored/>
  </testcase> <!-- @BeforeSuite createFiles -->
  <testcase classname="com.hcl.gim.baseutil.BaseTest" name="@BeforeSuite createFiles" time="0.0">
    <ignored/>
  </testcase> <!-- @BeforeSuite createFiles -->
  <testcase classname="com.hcl.gim.baseutil.BaseTest" name="@BeforeSuite createFiles" time="0.0">
    <ignored/>
  </testcase> <!-- @BeforeSuite createFiles -->
  <testcase classname="com.hcl.gim.baseutil.BaseTest" name="@BeforeSuite createFiles" time="0.0">
    <ignored/>
  </testcase> <!-- @BeforeSuite createFiles -->
  <testcase classname="com.hcl.gim.baseutil.BaseTest" name="@BeforeSuite createFiles" time="0.0">
    <ignored/>
  </testcase> <!-- @BeforeSuite createFiles -->
  <testcase classname="com.hcl.gim.baseutil.BaseTest" name="@BeforeSuite createFiles" time="0.0">
    <ignored/>
  </testcase> <!-- @BeforeSuite createFiles -->
  <testcase classname="com.hcl.gim.baseutil.BaseTest" name="@BeforeSuite createFiles" time="0.0">
    <ignored/>
  </testcase> <!-- @BeforeSuite createFiles -->
  <testcase classname="com.hcl.gim.baseutil.BaseTest" name="@BeforeSuite createFiles" time="0.0">
    <ignored/>
  </testcase> <!-- @BeforeSuite createFiles -->
  <testcase classname="com.hcl.gim.baseutil.BaseTest" name="@BeforeSuite createFiles" time="0.0">
    <ignored/>
  </testcase> <!-- @BeforeSuite createFiles -->
  <testcase classname="com.hcl.gim.baseutil.BaseTest" name="@BeforeSuite createFiles" time="0.0">
    <ignored/>
  </testcase> <!-- @BeforeSuite createFiles -->
  <testcase classname="com.hcl.gim.baseutil.BaseTest" name="@BeforeSuite createFiles" time="0.0">
    <ignored/>
  </testcase> <!-- @BeforeSuite createFiles -->
  <testcase classname="com.hcl.gim.baseutil.BaseTest" name="@AfterSuite killTask" time="0.0">
    <ignored/>
  </testcase> <!-- @AfterSuite killTask -->
  <testcase classname="com.hcl.gim.baseutil.BaseTest" name="@AfterSuite killTask" time="0.0">
    <ignored/>
  </testcase> <!-- @AfterSuite killTask -->
  <testcase classname="com.hcl.gim.baseutil.BaseTest" name="@AfterSuite killTask" time="0.0">
    <ignored/>
  </testcase> <!-- @AfterSuite killTask -->
  <testcase classname="com.hcl.gim.baseutil.BaseTest" name="@AfterSuite killTask" time="0.0">
    <ignored/>
  </testcase> <!-- @AfterSuite killTask -->
  <testcase classname="com.hcl.gim.baseutil.BaseTest" name="@AfterSuite killTask" time="0.0">
    <ignored/>
  </testcase> <!-- @AfterSuite killTask -->
  <testcase classname="com.hcl.gim.baseutil.BaseTest" name="@AfterSuite killTask" time="0.0">
    <ignored/>
  </testcase> <!-- @AfterSuite killTask -->
  <testcase classname="com.hcl.gim.baseutil.BaseTest" name="@AfterSuite killTask" time="0.0">
    <ignored/>
  </testcase> <!-- @AfterSuite killTask -->
  <testcase classname="com.hcl.gim.baseutil.BaseTest" name="@AfterSuite killTask" time="0.0">
    <ignored/>
  </testcase> <!-- @AfterSuite killTask -->
  <testcase classname="com.hcl.gim.baseutil.BaseTest" name="@AfterSuite killTask" time="0.0">
    <ignored/>
  </testcase> <!-- @AfterSuite killTask -->
  <testcase classname="com.hcl.gim.baseutil.BaseTest" name="@AfterSuite killTask" time="0.0">
    <ignored/>
  </testcase> <!-- @AfterSuite killTask -->
  <testcase classname="com.hcl.gim.baseutil.BaseTest" name="@AfterSuite killTask" time="0.0">
    <ignored/>
  </testcase> <!-- @AfterSuite killTask -->
  <testcase classname="com.hcl.gim.baseutil.BaseTest" name="@AfterSuite killTask" time="0.0">
    <ignored/>
  </testcase> <!-- @AfterSuite killTask -->
  <testcase classname="com.hcl.gim.baseutil.BaseTest" name="@AfterSuite killTask" time="0.0">
    <ignored/>
  </testcase> <!-- @AfterSuite killTask -->
  <testcase classname="com.hcl.gim.baseutil.BaseTest" name="@AfterSuite killTask" time="0.0">
    <ignored/>
  </testcase> <!-- @AfterSuite killTask -->
  <testcase classname="com.hcl.gim.baseutil.BaseTest" name="@AfterSuite killTask" time="0.0">
    <ignored/>
  </testcase> <!-- @AfterSuite killTask -->
  <testcase classname="com.hcl.gim.baseutil.BaseTest" name="@AfterSuite killTask" time="0.0">
    <ignored/>
  </testcase> <!-- @AfterSuite killTask -->
  <testcase classname="com.hcl.gim.baseutil.BaseTest" name="@AfterSuite killTask" time="0.0">
    <ignored/>
  </testcase> <!-- @AfterSuite killTask -->
  <testcase classname="com.hcl.gim.baseutil.BaseTest" name="@AfterSuite killTask" time="0.0">
    <ignored/>
  </testcase> <!-- @AfterSuite killTask -->
  <testcase classname="com.hcl.gim.baseutil.BaseTest" name="@AfterSuite killTask" time="0.0">
    <ignored/>
  </testcase> <!-- @AfterSuite killTask -->
  <testcase classname="com.hcl.gim.baseutil.BaseTest" name="@AfterSuite killTask" time="0.0">
    <ignored/>
  </testcase> <!-- @AfterSuite killTask -->
  <testcase classname="com.hcl.gim.baseutil.BaseTest" name="@AfterSuite killTask" time="0.0">
    <ignored/>
  </testcase> <!-- @AfterSuite killTask -->
  <testcase classname="com.hcl.gim.baseutil.BaseTest" name="@AfterSuite killTask" time="0.0">
    <ignored/>
  </testcase> <!-- @AfterSuite killTask -->
  <testcase classname="com.hcl.gim.baseutil.BaseTest" name="@AfterSuite killTask" time="0.0">
    <ignored/>
  </testcase> <!-- @AfterSuite killTask -->
  <testcase classname="com.hcl.gim.baseutil.BaseTest" name="@AfterSuite killTask" time="0.0">
    <ignored/>
  </testcase> <!-- @AfterSuite killTask -->
  <testcase classname="com.hcl.gim.baseutil.BaseTest" name="@AfterSuite killTask" time="0.0">
    <ignored/>
  </testcase> <!-- @AfterSuite killTask -->
  <testcase classname="com.hcl.gim.baseutil.BaseTest" name="@AfterSuite killTask" time="0.0">
    <ignored/>
  </testcase> <!-- @AfterSuite killTask -->
  <testcase classname="com.hcl.gim.baseutil.BaseTest" name="@AfterSuite killTask" time="0.0">
    <ignored/>
  </testcase> <!-- @AfterSuite killTask -->
  <testcase classname="com.hcl.gim.baseutil.BaseTest" name="@AfterSuite killTask" time="0.0">
    <ignored/>
  </testcase> <!-- @AfterSuite killTask -->
  <testcase classname="com.hcl.gim.baseutil.BaseTest" name="@AfterSuite killTask" time="0.0">
    <ignored/>
  </testcase> <!-- @AfterSuite killTask -->
  <testcase classname="com.hcl.gim.baseutil.BaseTest" name="@AfterSuite killTask" time="0.0">
    <ignored/>
  </testcase> <!-- @AfterSuite killTask -->
  <testcase classname="com.hcl.gim.baseutil.BaseTest" name="@AfterSuite killTask" time="0.0">
    <ignored/>
  </testcase> <!-- @AfterSuite killTask -->
  <testcase classname="com.hcl.gim.baseutil.BaseTest" name="@AfterSuite killTask" time="0.0">
    <ignored/>
  </testcase> <!-- @AfterSuite killTask -->
  <testcase classname="com.hcl.gim.baseutil.BaseTest" name="@AfterSuite killTask" time="0.0">
    <ignored/>
  </testcase> <!-- @AfterSuite killTask -->
  <testcase classname="com.hcl.gim.baseutil.BaseTest" name="@AfterSuite killTask" time="0.0">
    <ignored/>
  </testcase> <!-- @AfterSuite killTask -->
  <testcase classname="com.hcl.gim.baseutil.BaseTest" name="@AfterSuite killTask" time="0.0">
    <ignored/>
  </testcase> <!-- @AfterSuite killTask -->
  <testcase classname="com.hcl.gim.baseutil.BaseTest" name="@AfterSuite killTask" time="0.0">
    <ignored/>
  </testcase> <!-- @AfterSuite killTask -->
  <testcase classname="com.hcl.gim.baseutil.BaseTest" name="@AfterSuite killTask" time="0.0">
    <ignored/>
  </testcase> <!-- @AfterSuite killTask -->
  <testcase classname="com.hcl.gim.baseutil.BaseTest" name="@AfterSuite killTask" time="0.0">
    <ignored/>
  </testcase> <!-- @AfterSuite killTask -->
  <testcase classname="com.hcl.gim.baseutil.BaseTest" name="@AfterSuite killTask" time="0.0">
    <ignored/>
  </testcase> <!-- @AfterSuite killTask -->
  <testcase classname="com.hcl.gim.baseutil.BaseTest" name="@AfterSuite killTask" time="0.0">
    <ignored/>
  </testcase> <!-- @AfterSuite killTask -->
  <testcase classname="com.hcl.gim.baseutil.BaseTest" name="@AfterSuite killTask" time="0.0">
    <ignored/>
  </testcase> <!-- @AfterSuite killTask -->
  <testcase classname="com.hcl.gim.baseutil.BaseTest" name="@AfterSuite killTask" time="0.0">
    <ignored/>
  </testcase> <!-- @AfterSuite killTask -->
  <testcase classname="com.hcl.gim.baseutil.BaseTest" name="@AfterSuite killTask" time="0.0">
    <ignored/>
  </testcase> <!-- @AfterSuite killTask -->
  <testcase classname="com.hcl.gim.baseutil.BaseTest" name="@AfterSuite killTask" time="0.0">
    <ignored/>
  </testcase> <!-- @AfterSuite killTask -->
  <testcase classname="com.hcl.gim.baseutil.BaseTest" name="@AfterSuite killTask" time="0.0">
    <ignored/>
  </testcase> <!-- @AfterSuite killTask -->
  <testcase classname="com.hcl.gim.baseutil.BaseTest" name="@AfterSuite killTask" time="0.0">
    <ignored/>
  </testcase> <!-- @AfterSuite killTask -->
  <testcase classname="com.hcl.gim.baseutil.BaseTest" name="@AfterSuite killTask" time="0.0">
    <ignored/>
  </testcase> <!-- @AfterSuite killTask -->
  <testcase classname="com.hcl.gim.baseutil.BaseTest" name="@AfterSuite killTask" time="0.0">
    <ignored/>
  </testcase> <!-- @AfterSuite killTask -->
  <testcase classname="com.hcl.gim.baseutil.BaseTest" name="@AfterSuite killTask" time="0.0">
    <ignored/>
  </testcase> <!-- @AfterSuite killTask -->
  <testcase classname="com.hcl.gim.baseutil.BaseTest" name="@AfterSuite killTask" time="0.0">
    <ignored/>
  </testcase> <!-- @AfterSuite killTask -->
  <testcase classname="com.hcl.gim.baseutil.BaseTest" name="@AfterSuite killTask" time="0.0">
    <ignored/>
  </testcase> <!-- @AfterSuite killTask -->
  <testcase classname="com.hcl.gim.baseutil.BaseTest" name="@AfterSuite killTask" time="0.0">
    <ignored/>
  </testcase> <!-- @AfterSuite killTask -->
  <testcase classname="com.hcl.gim.baseutil.BaseTest" name="@AfterSuite killTask" time="0.0">
    <ignored/>
  </testcase> <!-- @AfterSuite killTask -->
  <testcase classname="com.hcl.gim.baseutil.BaseTest" name="@AfterSuite killTask" time="0.0">
    <ignored/>
  </testcase> <!-- @AfterSuite killTask -->
  <testcase classname="com.hcl.gim.baseutil.BaseTest" name="@AfterSuite killTask" time="0.0">
    <ignored/>
  </testcase> <!-- @AfterSuite killTask -->
  <testcase classname="com.hcl.gim.baseutil.BaseTest" name="@AfterSuite killTask" time="0.0">
    <ignored/>
  </testcase> <!-- @AfterSuite killTask -->
  <testcase classname="com.hcl.gim.baseutil.BaseTest" name="@AfterSuite killTask" time="0.0">
    <ignored/>
  </testcase> <!-- @AfterSuite killTask -->
  <testcase classname="com.hcl.gim.baseutil.BaseTest" name="@AfterSuite killTask" time="0.0">
    <ignored/>
  </testcase> <!-- @AfterSuite killTask -->
  <testcase classname="com.hcl.gim.baseutil.BaseTest" name="@AfterSuite killTask" time="0.0">
    <ignored/>
  </testcase> <!-- @AfterSuite killTask -->
  <testcase classname="com.hcl.gim.baseutil.BaseTest" name="@AfterSuite killTask" time="0.0">
    <ignored/>
  </testcase> <!-- @AfterSuite killTask -->
  <testcase classname="com.hcl.gim.baseutil.BaseTest" name="@AfterSuite killTask" time="0.0">
    <ignored/>
  </testcase> <!-- @AfterSuite killTask -->
  <testcase classname="com.hcl.gim.baseutil.BaseTest" name="@AfterSuite killTask" time="0.0">
    <ignored/>
  </testcase> <!-- @AfterSuite killTask -->
  <testcase classname="com.hcl.gim.baseutil.BaseTest" name="@AfterSuite killTask" time="0.0">
    <ignored/>
  </testcase> <!-- @AfterSuite killTask -->
  <testcase classname="com.hcl.gim.baseutil.BaseTest" name="@AfterSuite killTask" time="0.0">
    <ignored/>
  </testcase> <!-- @AfterSuite killTask -->
  <testcase classname="com.hcl.gim.baseutil.BaseTest" name="@AfterSuite killTask" time="0.0">
    <ignored/>
  </testcase> <!-- @AfterSuite killTask -->
  <testcase classname="com.hcl.gim.baseutil.BaseTest" name="@AfterSuite killTask" time="0.0">
    <ignored/>
  </testcase> <!-- @AfterSuite killTask -->
  <testcase classname="com.hcl.gim.baseutil.BaseTest" name="@AfterSuite killTask" time="0.0">
    <ignored/>
  </testcase> <!-- @AfterSuite killTask -->
  <testcase classname="com.hcl.gim.baseutil.BaseTest" name="@AfterSuite killTask" time="0.0">
    <ignored/>
  </testcase> <!-- @AfterSuite killTask -->
  <testcase classname="com.hcl.gim.baseutil.BaseTest" name="@AfterSuite killTask" time="0.0">
    <ignored/>
  </testcase> <!-- @AfterSuite killTask -->
  <testcase classname="com.hcl.gim.baseutil.BaseTest" name="@AfterSuite killTask" time="0.0">
    <ignored/>
  </testcase> <!-- @AfterSuite killTask -->
  <testcase classname="com.hcl.gim.baseutil.BaseTest" name="@AfterSuite killTask" time="0.0">
    <ignored/>
  </testcase> <!-- @AfterSuite killTask -->
  <testcase classname="com.hcl.gim.baseutil.BaseTest" name="@AfterSuite killTask" time="0.0">
    <ignored/>
  </testcase> <!-- @AfterSuite killTask -->
  <testcase classname="com.hcl.gim.baseutil.BaseTest" name="@AfterSuite killTask" time="0.0">
    <ignored/>
  </testcase> <!-- @AfterSuite killTask -->
  <testcase classname="com.hcl.gim.baseutil.BaseTest" name="@AfterSuite killTask" time="0.0">
    <ignored/>
  </testcase> <!-- @AfterSuite killTask -->
  <testcase classname="com.hcl.gim.baseutil.BaseTest" name="@AfterSuite killTask" time="0.0">
    <ignored/>
  </testcase> <!-- @AfterSuite killTask -->
  <testcase classname="com.hcl.gim.baseutil.BaseTest" name="@AfterSuite killTask" time="0.0">
    <ignored/>
  </testcase> <!-- @AfterSuite killTask -->
  <testcase classname="com.hcl.gim.baseutil.BaseTest" name="@AfterSuite killTask" time="0.0">
    <ignored/>
  </testcase> <!-- @AfterSuite killTask -->
  <testcase classname="com.hcl.gim.baseutil.BaseTest" name="@AfterSuite killTask" time="0.0">
    <ignored/>
  </testcase> <!-- @AfterSuite killTask -->
  <testcase classname="com.hcl.gim.baseutil.BaseTest" name="@AfterSuite killTask" time="0.0">
    <ignored/>
  </testcase> <!-- @AfterSuite killTask -->
  <testcase classname="com.hcl.gim.baseutil.BaseTest" name="@AfterSuite killTask" time="0.0">
    <ignored/>
  </testcase> <!-- @AfterSuite killTask -->
  <testcase classname="com.hcl.gim.baseutil.BaseTest" name="@AfterSuite killTask" time="0.0">
    <ignored/>
  </testcase> <!-- @AfterSuite killTask -->
  <testcase classname="com.hcl.gim.baseutil.BaseTest" name="@AfterSuite killTask" time="0.0">
    <ignored/>
  </testcase> <!-- @AfterSuite killTask -->
  <testcase classname="com.hcl.gim.baseutil.BaseTest" name="@AfterSuite killTask" time="0.0">
    <ignored/>
  </testcase> <!-- @AfterSuite killTask -->
  <testcase classname="com.hcl.gim.baseutil.BaseTest" name="@AfterSuite killTask" time="0.0">
    <ignored/>
  </testcase> <!-- @AfterSuite killTask -->
  <testcase classname="com.hcl.gim.baseutil.BaseTest" name="@AfterSuite killTask" time="0.0">
    <ignored/>
  </testcase> <!-- @AfterSuite killTask -->
</testsuite> <!-- PROJECT_Test1(failed) -->
